#
# There is insufficient memory for the Java Runtime Environment to continue.
# Native memory allocation (mmap) failed to map 65536 bytes for Failed to commit metaspace.
# Possible reasons:
#   The system is out of physical RAM or swap space
#   The process is running with CompressedOops enabled, and the Java Heap may be blocking the growth of the native heap
# Possible solutions:
#   Reduce memory load on the system
#   Increase physical memory or swap space
#   Check if swap backing store is full
#   Decrease Java heap size (-Xmx/-Xms)
#   Decrease number of Java threads
#   Decrease Java thread stack sizes (-Xss)
#   Set larger code cache with -XX:ReservedCodeCacheSize=
#   JVM is running with Unscaled Compressed Oops mode in which the Java heap is
#     placed in the first 4GB address space. The Java Heap base address is the
#     maximum limit for the native heap growth. Please use -XX:HeapBaseMinAddress
#     to set the Java Heap base and to place the Java Heap above 4GB virtual address.
# This output file may be truncated or incomplete.
#
#  Out of Memory Error (virtualSpaceNode.cpp:108), pid=10908, tid=13476
#
# JRE version: OpenJDK Runtime Environment Corretto-16.0.2.7.1 (16.0.2+7) (build 16.0.2+7)
# Java VM: OpenJDK 64-Bit Server VM Corretto-16.0.2.7.1 (16.0.2+7, mixed mode, sharing, tiered, compressed oops, compressed class ptrs, g1 gc, windows-amd64)
# No core dump will be written. Minidumps are not enabled by default on client versions of Windows
#

---------------  S U M M A R Y ------------

Command Line: -XX:TieredStopAtLevel=1 -Xverify:none -Dspring.output.ansi.enabled=always -javaagent:C:\Program Files\JetBrains\IntelliJ IDEA 2021.2\lib\idea_rt.jar=61438:C:\Program Files\JetBrains\IntelliJ IDEA 2021.2\bin -Dcom.sun.management.jmxremote -Dspring.jmx.enabled=true -Dspring.liveBeansView.mbeanDomain -Dspring.application.admin.enabled=true -Dfile.encoding=UTF-8 com.example.sping_portfolio.Main

Host: Intel(R) Core(TM) i5-5200U CPU @ 2.20GHz, 4 cores, 7G,  Windows 10 , 64 bit Build 18362 (10.0.18362.1500)
Time: Thu May 12 10:24:14 2022 Pacific Daylight Time elapsed time: 4.522220 seconds (0d 0h 0m 4s)

---------------  T H R E A D  ---------------

Current thread (0x0000021a2b42b390):  JavaThread "restartedMain" [_thread_in_vm, id=13476, stack(0x0000004aa7800000,0x0000004aa7900000)]

Stack: [0x0000004aa7800000,0x0000004aa7900000]
Native frames: (J=compiled Java code, j=interpreted, Vv=VM code, C=native code)
V  [jvm.dll+0x647e0a]
V  [jvm.dll+0x7f0549]
V  [jvm.dll+0x7f1cfe]
V  [jvm.dll+0x7f2343]
V  [jvm.dll+0x23dd88]
V  [jvm.dll+0x7ecd8b]
V  [jvm.dll+0x5ef1d6]
V  [jvm.dll+0x1bbdfe]
V  [jvm.dll+0x5f17f4]
V  [jvm.dll+0x5efad1]
V  [jvm.dll+0x23b8cc]
V  [jvm.dll+0x69d058]
V  [jvm.dll+0x69da7f]
V  [jvm.dll+0x35d873]
V  [jvm.dll+0x35cb12]
V  [jvm.dll+0x35cab8]
V  [jvm.dll+0x53ac14]
V  [jvm.dll+0x539dfd]
V  [jvm.dll+0x370252]
V  [jvm.dll+0x36f82f]
C  0x0000021a1347b142

Java frames: (J=compiled Java code, j=interpreted, Vv=VM code)
j  org.codehaus.groovy.reflection.ReflectionCache.getCachedClass(Ljava/lang/Class;)Lorg/codehaus/groovy/reflection/CachedClass;+7
j  org.codehaus.groovy.reflection.ReflectionCache.<clinit>()V+12
v  ~StubRoutines::call_stub
j  org.codehaus.groovy.runtime.metaclass.MetaClassRegistryImpl.registerMethods(Ljava/lang/Class;ZZLjava/util/Map;)V+94
j  org.codehaus.groovy.runtime.metaclass.MetaClassRegistryImpl.<init>(IZ)V+106
j  org.codehaus.groovy.runtime.metaclass.MetaClassRegistryImpl.<init>()V+3
j  groovy.lang.GroovySystem.<clinit>()V+8
v  ~StubRoutines::call_stub
j  org.springframework.beans.factory.groovy.GroovyBeanDefinitionReader.<init>(Lorg/springframework/beans/factory/support/BeanDefinitionRegistry;)V+28
j  org.springframework.boot.BeanDefinitionLoader.<init>(Lorg/springframework/beans/factory/support/BeanDefinitionRegistry;[Ljava/lang/Object;)V+68
j  org.springframework.boot.SpringApplication.createBeanDefinitionLoader(Lorg/springframework/beans/factory/support/BeanDefinitionRegistry;[Ljava/lang/Object;)Lorg/springframework/boot/BeanDefinitionLoader;+6
j  org.springframework.boot.SpringApplication.load(Lorg/springframework/context/ApplicationContext;[Ljava/lang/Object;)V+48
j  org.springframework.boot.SpringApplication.prepareContext(Lorg/springframework/boot/DefaultBootstrapContext;Lorg/springframework/context/ConfigurableApplicationContext;Lorg/springframework/core/env/ConfigurableEnvironment;Lorg/springframework/boot/SpringApplicationRunListeners;Lorg/springframework/boot/ApplicationArguments;Lorg/springframework/boot/Banner;)V+159
j  org.springframework.boot.SpringApplication.run([Ljava/lang/String;)Lorg/springframework/context/ConfigurableApplicationContext;+105
j  org.springframework.boot.SpringApplication.run([Ljava/lang/Class;[Ljava/lang/String;)Lorg/springframework/context/ConfigurableApplicationContext;+9
j  org.springframework.boot.SpringApplication.run(Ljava/lang/Class;[Ljava/lang/String;)Lorg/springframework/context/ConfigurableApplicationContext;+9
j  com.example.sping_portfolio.Main.main([Ljava/lang/String;)V+3
v  ~StubRoutines::call_stub
j  jdk.internal.reflect.NativeMethodAccessorImpl.invoke0(Ljava/lang/reflect/Method;Ljava/lang/Object;[Ljava/lang/Object;)Ljava/lang/Object;+0 java.base@16.0.2
j  jdk.internal.reflect.NativeMethodAccessorImpl.invoke(Ljava/lang/Object;[Ljava/lang/Object;)Ljava/lang/Object;+146 java.base@16.0.2
j  jdk.internal.reflect.DelegatingMethodAccessorImpl.invoke(Ljava/lang/Object;[Ljava/lang/Object;)Ljava/lang/Object;+6 java.base@16.0.2
j  java.lang.reflect.Method.invoke(Ljava/lang/Object;[Ljava/lang/Object;)Ljava/lang/Object;+59 java.base@16.0.2
j  org.springframework.boot.devtools.restart.RestartLauncher.run()V+42
v  ~StubRoutines::call_stub

---------------  P R O C E S S  ---------------

Threads class SMR info:
_java_thread_list=0x0000021a2b521c80, length=16, elements={
0x0000021a092861a0, 0x0000021a29b81740, 0x0000021a29b82510, 0x0000021a29b96d20,
0x0000021a29b97630, 0x0000021a29b99f50, 0x0000021a29b9a860, 0x0000021a29b9b220,
0x0000021a29b9bb70, 0x0000021a2a858320, 0x0000021a2abbe050, 0x0000021a2abc3880,
0x0000021a2b0a10e0, 0x0000021a2b410e60, 0x0000021a2b42b390, 0x0000021a2b525040
}

Java Threads: ( => current thread )
  0x0000021a092861a0 JavaThread "main" [_thread_blocked, id=2760, stack(0x0000004aa5e00000,0x0000004aa5f00000)]
  0x0000021a29b81740 JavaThread "Reference Handler" daemon [_thread_blocked, id=3884, stack(0x0000004aa6600000,0x0000004aa6700000)]
  0x0000021a29b82510 JavaThread "Finalizer" daemon [_thread_blocked, id=5836, stack(0x0000004aa6700000,0x0000004aa6800000)]
  0x0000021a29b96d20 JavaThread "Signal Dispatcher" daemon [_thread_blocked, id=10748, stack(0x0000004aa6800000,0x0000004aa6900000)]
  0x0000021a29b97630 JavaThread "Attach Listener" daemon [_thread_blocked, id=17012, stack(0x0000004aa6900000,0x0000004aa6a00000)]
  0x0000021a29b99f50 JavaThread "Service Thread" daemon [_thread_blocked, id=19084, stack(0x0000004aa6a00000,0x0000004aa6b00000)]
  0x0000021a29b9a860 JavaThread "Monitor Deflation Thread" daemon [_thread_blocked, id=6016, stack(0x0000004aa6b00000,0x0000004aa6c00000)]
  0x0000021a29b9b220 JavaThread "C1 CompilerThread0" daemon [_thread_blocked, id=19448, stack(0x0000004aa6c00000,0x0000004aa6d00000)]
  0x0000021a29b9bb70 JavaThread "Sweeper thread" daemon [_thread_blocked, id=18028, stack(0x0000004aa6d00000,0x0000004aa6e00000)]
  0x0000021a2a858320 JavaThread "Common-Cleaner" daemon [_thread_blocked, id=13152, stack(0x0000004aa6e00000,0x0000004aa6f00000)]
  0x0000021a2abbe050 JavaThread "Monitor Ctrl-Break" daemon [_thread_in_native, id=1056, stack(0x0000004aa6f00000,0x0000004aa7000000)]
  0x0000021a2abc3880 JavaThread "Notification Thread" daemon [_thread_blocked, id=8944, stack(0x0000004aa7000000,0x0000004aa7100000)]
  0x0000021a2b0a10e0 JavaThread "RMI TCP Accept-0" daemon [_thread_in_native, id=12400, stack(0x0000004aa7100000,0x0000004aa7200000)]
  0x0000021a2b410e60 JavaThread "Thread-0" [_thread_blocked, id=7288, stack(0x0000004aa7700000,0x0000004aa7800000)]
=>0x0000021a2b42b390 JavaThread "restartedMain" [_thread_in_vm, id=13476, stack(0x0000004aa7800000,0x0000004aa7900000)]
  0x0000021a2b525040 JavaThread "background-preinit" [_thread_in_vm, id=5476, stack(0x0000004aa7900000,0x0000004aa7a00000)]

Other Threads:
  0x0000021a29b7b2a0 VMThread "VM Thread" [stack: 0x0000004aa6500000,0x0000004aa6600000] [id=12912]
  0x0000021a2b0b4300 WatcherThread [stack: 0x0000004aa7200000,0x0000004aa7300000] [id=6124]
  0x0000021a092c2360 GCTaskThread "GC Thread#0" [stack: 0x0000004aa6000000,0x0000004aa6100000] [id=11672]
  0x0000021a2b0e2430 GCTaskThread "GC Thread#1" [stack: 0x0000004aa7300000,0x0000004aa7400000] [id=14512]
  0x0000021a2b0a98e0 GCTaskThread "GC Thread#2" [stack: 0x0000004aa7400000,0x0000004aa7500000] [id=1556]
  0x0000021a2b168800 GCTaskThread "GC Thread#3" [stack: 0x0000004aa7500000,0x0000004aa7600000] [id=11232]
  0x0000021a092d5010 ConcurrentGCThread "G1 Main Marker" [stack: 0x0000004aa6100000,0x0000004aa6200000] [id=10868]
  0x0000021a092d5990 ConcurrentGCThread "G1 Conc#0" [stack: 0x0000004aa6200000,0x0000004aa6300000] [id=13756]
  0x0000021a0934ec80 ConcurrentGCThread "G1 Refine#0" [stack: 0x0000004aa6300000,0x0000004aa6400000] [id=5276]
  0x0000021a2b168b10 ConcurrentGCThread "G1 Refine#1" [stack: 0x0000004aa7600000,0x0000004aa7700000] [id=8828]
  0x0000021a29a306d0 ConcurrentGCThread "G1 Service" [stack: 0x0000004aa6400000,0x0000004aa6500000] [id=17660]

Threads with active compile tasks:

VM state: not at safepoint (normal execution)

VM Mutex/Monitor currently owned by a thread:  ([mutex/lock_event])
[0x0000021a092766a0] MetaspaceExpand_lock - owner thread: 0x0000021a2b42b390

Heap address: 0x0000000081600000, size: 2026 MB, Compressed Oops mode: 32-bit

CDS archive(s) mapped at: [0x0000000800000000-0x0000000800be0000-0x0000000800be0000), size 12451840, SharedBaseAddress: 0x0000000800000000, ArchiveRelocationMode: 0.
Compressed class space mapped at: 0x0000000800c00000-0x0000000840c00000, reserved size: 1073741824
Narrow klass base: 0x0000000800000000, Narrow klass shift: 3, Narrow klass range: 0x100000000

GC Precious Log:
 CPUs: 4 total, 4 available
 Memory: 8096M
 Large Page Support: Disabled
 NUMA Support: Disabled
 Compressed Oops: Enabled (32-bit)
 Heap Region Size: 1M
 Heap Min Capacity: 8M
 Heap Initial Capacity: 128M
 Heap Max Capacity: 2026M
 Pre-touch: Disabled
 Parallel Workers: 4
 Concurrent Workers: 1
 Concurrent Refinement Workers: 4
 Periodic GC: Disabled

Heap:
 garbage-first heap   total 131072K, used 56574K [0x0000000081600000, 0x0000000100000000)
  region size 1024K, 51 young (52224K), 2 survivors (2048K)
 Metaspace       used 12431K, committed 12672K, reserved 1064960K
  class space    used 1593K, committed 1728K, reserved 1048576K

Heap Regions: E=young(eden), S=young(survivor), O=old, HS=humongous(starts), HC=humongous(continues), CS=collection set, F=free, OA=open archive, CA=closed archive, TAMS=top-at-mark-start (previous, next)
|   0|0x0000000081600000, 0x0000000081700000, 0x0000000081700000|100%|HS|  |TAMS 0x0000000081600000, 0x0000000081600000| Complete 
|   1|0x0000000081700000, 0x0000000081800000, 0x0000000081800000|100%| O|  |TAMS 0x0000000081700000, 0x0000000081700000| Untracked 
|   2|0x0000000081800000, 0x0000000081900000, 0x0000000081900000|100%| O|  |TAMS 0x0000000081800000, 0x0000000081800000| Untracked 
|   3|0x0000000081900000, 0x0000000081a00000, 0x0000000081a00000|100%| O|  |TAMS 0x0000000081900000, 0x0000000081900000| Untracked 
|   4|0x0000000081a00000, 0x0000000081b00000, 0x0000000081b00000|100%| O|  |TAMS 0x0000000081a00000, 0x0000000081a00000| Untracked 
|   5|0x0000000081b00000, 0x0000000081c00000, 0x0000000081c00000|100%| O|  |TAMS 0x0000000081b00000, 0x0000000081b00000| Untracked 
|   6|0x0000000081c00000, 0x0000000081d00000, 0x0000000081d00000|100%| O|  |TAMS 0x0000000081c00000, 0x0000000081c00000| Untracked 
|   7|0x0000000081d00000, 0x0000000081d00000, 0x0000000081e00000|  0%| F|  |TAMS 0x0000000081d00000, 0x0000000081d00000| Untracked 
|   8|0x0000000081e00000, 0x0000000081e00000, 0x0000000081f00000|  0%| F|  |TAMS 0x0000000081e00000, 0x0000000081e00000| Untracked 
|   9|0x0000000081f00000, 0x0000000081f00000, 0x0000000082000000|  0%| F|  |TAMS 0x0000000081f00000, 0x0000000081f00000| Untracked 
|  10|0x0000000082000000, 0x0000000082000000, 0x0000000082100000|  0%| F|  |TAMS 0x0000000082000000, 0x0000000082000000| Untracked 
|  11|0x0000000082100000, 0x0000000082100000, 0x0000000082200000|  0%| F|  |TAMS 0x0000000082100000, 0x0000000082100000| Untracked 
|  12|0x0000000082200000, 0x0000000082200000, 0x0000000082300000|  0%| F|  |TAMS 0x0000000082200000, 0x0000000082200000| Untracked 
|  13|0x0000000082300000, 0x0000000082300000, 0x0000000082400000|  0%| F|  |TAMS 0x0000000082300000, 0x0000000082300000| Untracked 
|  14|0x0000000082400000, 0x0000000082400000, 0x0000000082500000|  0%| F|  |TAMS 0x0000000082400000, 0x0000000082400000| Untracked 
|  15|0x0000000082500000, 0x0000000082500000, 0x0000000082600000|  0%| F|  |TAMS 0x0000000082500000, 0x0000000082500000| Untracked 
|  16|0x0000000082600000, 0x0000000082600000, 0x0000000082700000|  0%| F|  |TAMS 0x0000000082600000, 0x0000000082600000| Untracked 
|  17|0x0000000082700000, 0x0000000082700000, 0x0000000082800000|  0%| F|  |TAMS 0x0000000082700000, 0x0000000082700000| Untracked 
|  18|0x0000000082800000, 0x0000000082800000, 0x0000000082900000|  0%| F|  |TAMS 0x0000000082800000, 0x0000000082800000| Untracked 
|  19|0x0000000082900000, 0x0000000082900000, 0x0000000082a00000|  0%| F|  |TAMS 0x0000000082900000, 0x0000000082900000| Untracked 
|  20|0x0000000082a00000, 0x0000000082a00000, 0x0000000082b00000|  0%| F|  |TAMS 0x0000000082a00000, 0x0000000082a00000| Untracked 
|  21|0x0000000082b00000, 0x0000000082b00000, 0x0000000082c00000|  0%| F|  |TAMS 0x0000000082b00000, 0x0000000082b00000| Untracked 
|  22|0x0000000082c00000, 0x0000000082c00000, 0x0000000082d00000|  0%| F|  |TAMS 0x0000000082c00000, 0x0000000082c00000| Untracked 
|  23|0x0000000082d00000, 0x0000000082d00000, 0x0000000082e00000|  0%| F|  |TAMS 0x0000000082d00000, 0x0000000082d00000| Untracked 
|  24|0x0000000082e00000, 0x0000000082e00000, 0x0000000082f00000|  0%| F|  |TAMS 0x0000000082e00000, 0x0000000082e00000| Untracked 
|  25|0x0000000082f00000, 0x0000000082f00000, 0x0000000083000000|  0%| F|  |TAMS 0x0000000082f00000, 0x0000000082f00000| Untracked 
|  26|0x0000000083000000, 0x0000000083000000, 0x0000000083100000|  0%| F|  |TAMS 0x0000000083000000, 0x0000000083000000| Untracked 
|  27|0x0000000083100000, 0x0000000083100000, 0x0000000083200000|  0%| F|  |TAMS 0x0000000083100000, 0x0000000083100000| Untracked 
|  28|0x0000000083200000, 0x0000000083200000, 0x0000000083300000|  0%| F|  |TAMS 0x0000000083200000, 0x0000000083200000| Untracked 
|  29|0x0000000083300000, 0x0000000083300000, 0x0000000083400000|  0%| F|  |TAMS 0x0000000083300000, 0x0000000083300000| Untracked 
|  30|0x0000000083400000, 0x0000000083400000, 0x0000000083500000|  0%| F|  |TAMS 0x0000000083400000, 0x0000000083400000| Untracked 
|  31|0x0000000083500000, 0x0000000083500000, 0x0000000083600000|  0%| F|  |TAMS 0x0000000083500000, 0x0000000083500000| Untracked 
|  32|0x0000000083600000, 0x0000000083600000, 0x0000000083700000|  0%| F|  |TAMS 0x0000000083600000, 0x0000000083600000| Untracked 
|  33|0x0000000083700000, 0x0000000083700000, 0x0000000083800000|  0%| F|  |TAMS 0x0000000083700000, 0x0000000083700000| Untracked 
|  34|0x0000000083800000, 0x0000000083800000, 0x0000000083900000|  0%| F|  |TAMS 0x0000000083800000, 0x0000000083800000| Untracked 
|  35|0x0000000083900000, 0x0000000083900000, 0x0000000083a00000|  0%| F|  |TAMS 0x0000000083900000, 0x0000000083900000| Untracked 
|  36|0x0000000083a00000, 0x0000000083a00000, 0x0000000083b00000|  0%| F|  |TAMS 0x0000000083a00000, 0x0000000083a00000| Untracked 
|  37|0x0000000083b00000, 0x0000000083b00000, 0x0000000083c00000|  0%| F|  |TAMS 0x0000000083b00000, 0x0000000083b00000| Untracked 
|  38|0x0000000083c00000, 0x0000000083c00000, 0x0000000083d00000|  0%| F|  |TAMS 0x0000000083c00000, 0x0000000083c00000| Untracked 
|  39|0x0000000083d00000, 0x0000000083d00000, 0x0000000083e00000|  0%| F|  |TAMS 0x0000000083d00000, 0x0000000083d00000| Untracked 
|  40|0x0000000083e00000, 0x0000000083e00000, 0x0000000083f00000|  0%| F|  |TAMS 0x0000000083e00000, 0x0000000083e00000| Untracked 
|  41|0x0000000083f00000, 0x0000000083f00000, 0x0000000084000000|  0%| F|  |TAMS 0x0000000083f00000, 0x0000000083f00000| Untracked 
|  42|0x0000000084000000, 0x0000000084000000, 0x0000000084100000|  0%| F|  |TAMS 0x0000000084000000, 0x0000000084000000| Untracked 
|  43|0x0000000084100000, 0x0000000084100000, 0x0000000084200000|  0%| F|  |TAMS 0x0000000084100000, 0x0000000084100000| Untracked 
|  44|0x0000000084200000, 0x0000000084200000, 0x0000000084300000|  0%| F|  |TAMS 0x0000000084200000, 0x0000000084200000| Untracked 
|  45|0x0000000084300000, 0x0000000084300000, 0x0000000084400000|  0%| F|  |TAMS 0x0000000084300000, 0x0000000084300000| Untracked 
|  46|0x0000000084400000, 0x0000000084400000, 0x0000000084500000|  0%| F|  |TAMS 0x0000000084400000, 0x0000000084400000| Untracked 
|  47|0x0000000084500000, 0x0000000084500000, 0x0000000084600000|  0%| F|  |TAMS 0x0000000084500000, 0x0000000084500000| Untracked 
|  48|0x0000000084600000, 0x0000000084600000, 0x0000000084700000|  0%| F|  |TAMS 0x0000000084600000, 0x0000000084600000| Untracked 
|  49|0x0000000084700000, 0x0000000084700000, 0x0000000084800000|  0%| F|  |TAMS 0x0000000084700000, 0x0000000084700000| Untracked 
|  50|0x0000000084800000, 0x0000000084800000, 0x0000000084900000|  0%| F|  |TAMS 0x0000000084800000, 0x0000000084800000| Untracked 
|  51|0x0000000084900000, 0x0000000084900000, 0x0000000084a00000|  0%| F|  |TAMS 0x0000000084900000, 0x0000000084900000| Untracked 
|  52|0x0000000084a00000, 0x0000000084a00000, 0x0000000084b00000|  0%| F|  |TAMS 0x0000000084a00000, 0x0000000084a00000| Untracked 
|  53|0x0000000084b00000, 0x0000000084b00000, 0x0000000084c00000|  0%| F|  |TAMS 0x0000000084b00000, 0x0000000084b00000| Untracked 
|  54|0x0000000084c00000, 0x0000000084c00000, 0x0000000084d00000|  0%| F|  |TAMS 0x0000000084c00000, 0x0000000084c00000| Untracked 
|  55|0x0000000084d00000, 0x0000000084d00000, 0x0000000084e00000|  0%| F|  |TAMS 0x0000000084d00000, 0x0000000084d00000| Untracked 
|  56|0x0000000084e00000, 0x0000000084e00000, 0x0000000084f00000|  0%| F|  |TAMS 0x0000000084e00000, 0x0000000084e00000| Untracked 
|  57|0x0000000084f00000, 0x0000000084f00000, 0x0000000085000000|  0%| F|  |TAMS 0x0000000084f00000, 0x0000000084f00000| Untracked 
|  58|0x0000000085000000, 0x0000000085000000, 0x0000000085100000|  0%| F|  |TAMS 0x0000000085000000, 0x0000000085000000| Untracked 
|  59|0x0000000085100000, 0x0000000085100000, 0x0000000085200000|  0%| F|  |TAMS 0x0000000085100000, 0x0000000085100000| Untracked 
|  60|0x0000000085200000, 0x0000000085200000, 0x0000000085300000|  0%| F|  |TAMS 0x0000000085200000, 0x0000000085200000| Untracked 
|  61|0x0000000085300000, 0x0000000085300000, 0x0000000085400000|  0%| F|  |TAMS 0x0000000085300000, 0x0000000085300000| Untracked 
|  62|0x0000000085400000, 0x0000000085400000, 0x0000000085500000|  0%| F|  |TAMS 0x0000000085400000, 0x0000000085400000| Untracked 
|  63|0x0000000085500000, 0x0000000085500000, 0x0000000085600000|  0%| F|  |TAMS 0x0000000085500000, 0x0000000085500000| Untracked 
|  64|0x0000000085600000, 0x0000000085600000, 0x0000000085700000|  0%| F|  |TAMS 0x0000000085600000, 0x0000000085600000| Untracked 
|  65|0x0000000085700000, 0x0000000085700000, 0x0000000085800000|  0%| F|  |TAMS 0x0000000085700000, 0x0000000085700000| Untracked 
|  66|0x0000000085800000, 0x0000000085800000, 0x0000000085900000|  0%| F|  |TAMS 0x0000000085800000, 0x0000000085800000| Untracked 
|  67|0x0000000085900000, 0x0000000085900000, 0x0000000085a00000|  0%| F|  |TAMS 0x0000000085900000, 0x0000000085900000| Untracked 
|  68|0x0000000085a00000, 0x0000000085a00000, 0x0000000085b00000|  0%| F|  |TAMS 0x0000000085a00000, 0x0000000085a00000| Untracked 
|  69|0x0000000085b00000, 0x0000000085b00000, 0x0000000085c00000|  0%| F|  |TAMS 0x0000000085b00000, 0x0000000085b00000| Untracked 
|  70|0x0000000085c00000, 0x0000000085c00000, 0x0000000085d00000|  0%| F|  |TAMS 0x0000000085c00000, 0x0000000085c00000| Untracked 
|  71|0x0000000085d00000, 0x0000000085d00000, 0x0000000085e00000|  0%| F|  |TAMS 0x0000000085d00000, 0x0000000085d00000| Untracked 
|  72|0x0000000085e00000, 0x0000000085e00000, 0x0000000085f00000|  0%| F|  |TAMS 0x0000000085e00000, 0x0000000085e00000| Untracked 
|  73|0x0000000085f00000, 0x0000000085f00000, 0x0000000086000000|  0%| F|  |TAMS 0x0000000085f00000, 0x0000000085f00000| Untracked 
|  74|0x0000000086000000, 0x0000000086000000, 0x0000000086100000|  0%| F|  |TAMS 0x0000000086000000, 0x0000000086000000| Untracked 
|  75|0x0000000086100000, 0x0000000086100000, 0x0000000086200000|  0%| F|  |TAMS 0x0000000086100000, 0x0000000086100000| Untracked 
|  76|0x0000000086200000, 0x0000000086200000, 0x0000000086300000|  0%| F|  |TAMS 0x0000000086200000, 0x0000000086200000| Untracked 
|  77|0x0000000086300000, 0x000000008637ecd0, 0x0000000086400000| 49%| E|  |TAMS 0x0000000086300000, 0x0000000086300000| Complete 
|  78|0x0000000086400000, 0x0000000086500000, 0x0000000086500000|100%| E|CS|TAMS 0x0000000086400000, 0x0000000086400000| Complete 
|  79|0x0000000086500000, 0x0000000086600000, 0x0000000086600000|100%| E|CS|TAMS 0x0000000086500000, 0x0000000086500000| Complete 
|  80|0x0000000086600000, 0x0000000086700000, 0x0000000086700000|100%| E|CS|TAMS 0x0000000086600000, 0x0000000086600000| Complete 
|  81|0x0000000086700000, 0x0000000086800000, 0x0000000086800000|100%| E|CS|TAMS 0x0000000086700000, 0x0000000086700000| Complete 
|  82|0x0000000086800000, 0x0000000086900000, 0x0000000086900000|100%| E|CS|TAMS 0x0000000086800000, 0x0000000086800000| Complete 
|  83|0x0000000086900000, 0x0000000086a00000, 0x0000000086a00000|100%| E|CS|TAMS 0x0000000086900000, 0x0000000086900000| Complete 
|  84|0x0000000086a00000, 0x0000000086b00000, 0x0000000086b00000|100%| E|CS|TAMS 0x0000000086a00000, 0x0000000086a00000| Complete 
|  85|0x0000000086b00000, 0x0000000086c00000, 0x0000000086c00000|100%| E|CS|TAMS 0x0000000086b00000, 0x0000000086b00000| Complete 
|  86|0x0000000086c00000, 0x0000000086d00000, 0x0000000086d00000|100%| E|CS|TAMS 0x0000000086c00000, 0x0000000086c00000| Complete 
|  87|0x0000000086d00000, 0x0000000086e00000, 0x0000000086e00000|100%| E|CS|TAMS 0x0000000086d00000, 0x0000000086d00000| Complete 
|  88|0x0000000086e00000, 0x0000000086f00000, 0x0000000086f00000|100%| E|CS|TAMS 0x0000000086e00000, 0x0000000086e00000| Complete 
|  89|0x0000000086f00000, 0x0000000087000000, 0x0000000087000000|100%| E|CS|TAMS 0x0000000086f00000, 0x0000000086f00000| Complete 
|  90|0x0000000087000000, 0x0000000087100000, 0x0000000087100000|100%| E|CS|TAMS 0x0000000087000000, 0x0000000087000000| Complete 
|  91|0x0000000087100000, 0x0000000087200000, 0x0000000087200000|100%| E|CS|TAMS 0x0000000087100000, 0x0000000087100000| Complete 
|  92|0x0000000087200000, 0x0000000087300000, 0x0000000087300000|100%| E|CS|TAMS 0x0000000087200000, 0x0000000087200000| Complete 
|  93|0x0000000087300000, 0x0000000087400000, 0x0000000087400000|100%| E|CS|TAMS 0x0000000087300000, 0x0000000087300000| Complete 
|  94|0x0000000087400000, 0x0000000087500000, 0x0000000087500000|100%| E|CS|TAMS 0x0000000087400000, 0x0000000087400000| Complete 
|  95|0x0000000087500000, 0x0000000087600000, 0x0000000087600000|100%| E|  |TAMS 0x0000000087500000, 0x0000000087500000| Complete 
|  96|0x0000000087600000, 0x0000000087700000, 0x0000000087700000|100%| E|CS|TAMS 0x0000000087600000, 0x0000000087600000| Complete 
|  97|0x0000000087700000, 0x0000000087800000, 0x0000000087800000|100%| E|CS|TAMS 0x0000000087700000, 0x0000000087700000| Complete 
|  98|0x0000000087800000, 0x0000000087900000, 0x0000000087900000|100%| E|CS|TAMS 0x0000000087800000, 0x0000000087800000| Complete 
|  99|0x0000000087900000, 0x0000000087a00000, 0x0000000087a00000|100%| E|CS|TAMS 0x0000000087900000, 0x0000000087900000| Complete 
| 100|0x0000000087a00000, 0x0000000087b00000, 0x0000000087b00000|100%| E|CS|TAMS 0x0000000087a00000, 0x0000000087a00000| Complete 
| 101|0x0000000087b00000, 0x0000000087c00000, 0x0000000087c00000|100%| E|CS|TAMS 0x0000000087b00000, 0x0000000087b00000| Complete 
| 102|0x0000000087c00000, 0x0000000087d00000, 0x0000000087d00000|100%| E|CS|TAMS 0x0000000087c00000, 0x0000000087c00000| Complete 
| 103|0x0000000087d00000, 0x0000000087e00000, 0x0000000087e00000|100%| E|CS|TAMS 0x0000000087d00000, 0x0000000087d00000| Complete 
| 104|0x0000000087e00000, 0x0000000087f00000, 0x0000000087f00000|100%| E|CS|TAMS 0x0000000087e00000, 0x0000000087e00000| Complete 
| 105|0x0000000087f00000, 0x0000000088000000, 0x0000000088000000|100%| E|CS|TAMS 0x0000000087f00000, 0x0000000087f00000| Complete 
| 106|0x0000000088000000, 0x000000008803fad8, 0x0000000088100000| 24%| S|CS|TAMS 0x0000000088000000, 0x0000000088000000| Complete 
| 107|0x0000000088100000, 0x0000000088200000, 0x0000000088200000|100%| S|CS|TAMS 0x0000000088100000, 0x0000000088100000| Complete 
| 108|0x0000000088200000, 0x0000000088300000, 0x0000000088300000|100%| E|CS|TAMS 0x0000000088200000, 0x0000000088200000| Complete 
| 109|0x0000000088300000, 0x0000000088400000, 0x0000000088400000|100%| E|CS|TAMS 0x0000000088300000, 0x0000000088300000| Complete 
| 110|0x0000000088400000, 0x0000000088500000, 0x0000000088500000|100%| E|CS|TAMS 0x0000000088400000, 0x0000000088400000| Complete 
| 111|0x0000000088500000, 0x0000000088600000, 0x0000000088600000|100%| E|CS|TAMS 0x0000000088500000, 0x0000000088500000| Complete 
| 112|0x0000000088600000, 0x0000000088700000, 0x0000000088700000|100%| E|CS|TAMS 0x0000000088600000, 0x0000000088600000| Complete 
| 113|0x0000000088700000, 0x0000000088800000, 0x0000000088800000|100%| E|CS|TAMS 0x0000000088700000, 0x0000000088700000| Complete 
| 114|0x0000000088800000, 0x0000000088900000, 0x0000000088900000|100%| E|CS|TAMS 0x0000000088800000, 0x0000000088800000| Complete 
| 115|0x0000000088900000, 0x0000000088a00000, 0x0000000088a00000|100%| E|CS|TAMS 0x0000000088900000, 0x0000000088900000| Complete 
| 116|0x0000000088a00000, 0x0000000088b00000, 0x0000000088b00000|100%| E|CS|TAMS 0x0000000088a00000, 0x0000000088a00000| Complete 
| 117|0x0000000088b00000, 0x0000000088c00000, 0x0000000088c00000|100%| E|CS|TAMS 0x0000000088b00000, 0x0000000088b00000| Complete 
| 118|0x0000000088c00000, 0x0000000088d00000, 0x0000000088d00000|100%| E|CS|TAMS 0x0000000088c00000, 0x0000000088c00000| Complete 
| 119|0x0000000088d00000, 0x0000000088e00000, 0x0000000088e00000|100%| E|CS|TAMS 0x0000000088d00000, 0x0000000088d00000| Complete 
| 120|0x0000000088e00000, 0x0000000088f00000, 0x0000000088f00000|100%| E|CS|TAMS 0x0000000088e00000, 0x0000000088e00000| Complete 
| 121|0x0000000088f00000, 0x0000000089000000, 0x0000000089000000|100%| E|CS|TAMS 0x0000000088f00000, 0x0000000088f00000| Complete 
| 122|0x0000000089000000, 0x0000000089100000, 0x0000000089100000|100%| E|CS|TAMS 0x0000000089000000, 0x0000000089000000| Complete 
| 123|0x0000000089100000, 0x0000000089200000, 0x0000000089200000|100%| E|CS|TAMS 0x0000000089100000, 0x0000000089100000| Complete 
| 124|0x0000000089200000, 0x0000000089300000, 0x0000000089300000|100%| E|CS|TAMS 0x0000000089200000, 0x0000000089200000| Complete 
| 125|0x0000000089300000, 0x0000000089400000, 0x0000000089400000|100%| E|CS|TAMS 0x0000000089300000, 0x0000000089300000| Complete 
| 126|0x0000000089400000, 0x0000000089500000, 0x0000000089500000|100%| E|CS|TAMS 0x0000000089400000, 0x0000000089400000| Complete 
| 127|0x0000000089500000, 0x0000000089600000, 0x0000000089600000|100%| E|CS|TAMS 0x0000000089500000, 0x0000000089500000| Complete 

Card table byte_map: [0x0000021a22e80000,0x0000021a23280000] _byte_map_base: 0x0000021a22a75000

Marking Bits (Prev, Next): (CMBitMap*) 0x0000021a092c4900, (CMBitMap*) 0x0000021a092c4940
 Prev Bits: [0x0000021a23680000, 0x0000021a25628000)
 Next Bits: [0x0000021a25630000, 0x0000021a275d8000)

Polling page: 0x0000021a090d0000

Metaspace:

Usage:
  Non-class:     10.58 MB used.
      Class:      1.56 MB used.
       Both:     12.14 MB used.

Virtual space:
  Non-class space:       16.00 MB reserved,      10.69 MB ( 67%) committed,  2 nodes.
      Class space:        1.00 GB reserved,       1.69 MB ( <1%) committed,  1 nodes.
              Both:        1.02 GB reserved,      12.38 MB (  1%) committed. 

Chunk freelists:
   Non-Class:  368.00 KB
       Class:  2.33 MB
        Both:  2.69 MB

MaxMetaspaceSize: 17179869184.00 GB
CompressedClassSpaceSize: 1.00 GB
 - commit_granule_bytes: 65536.
 - commit_granule_words: 8192.
 - virtual_space_node_default_size: 1048576.
 - enlarge_chunks_in_place: 1.
 - new_chunks_are_fully_committed: 0.
 - uncommit_free_chunks: 1.
 - use_allocation_guard: 0.
 - handle_deallocations: 1.


Internal statistics:

num_allocs_failed_limit: 0.
num_arena_births: 204.
num_arena_deaths: 0.
num_vsnodes_births: 3.
num_vsnodes_deaths: 0.
num_space_committed: 198.
num_space_uncommitted: 0.
num_chunks_returned_to_freelist: 0.
num_chunks_taken_from_freelist: 514.
num_chunk_merges: 0.
num_chunk_splits: 353.
num_chunks_enlarged: 263.
num_purges: 0.

CodeHeap 'non-profiled nmethods': size=238912Kb used=2719Kb max_used=2719Kb free=236192Kb
 bounds [0x0000021a13b10000, 0x0000021a13dc0000, 0x0000021a22460000]
CodeHeap 'non-nmethods': size=6848Kb used=1199Kb max_used=1199Kb free=5648Kb
 bounds [0x0000021a13460000, 0x0000021a136d0000, 0x0000021a13b10000]
 total_blobs=2338 nmethods=1842 adapters=423
 compilation: enabled
              stopped_count=0, restarted_count=0
 full_count=0

Compilation events (20 events):
Event: 4.506 Thread 0x0000021a29b9b220 nmethod 1832 0x0000021a13db2b90 code [0x0000021a13db2d20, 0x0000021a13db2df8]
Event: 4.506 Thread 0x0000021a29b9b220 1833       1       java.lang.Integer::hashCode (2 bytes)
Event: 4.506 Thread 0x0000021a29b9b220 nmethod 1833 0x0000021a13db2e90 code [0x0000021a13db3020, 0x0000021a13db30d8]
Event: 4.507 Thread 0x0000021a29b9b220 1834       1       org.codehaus.groovy.reflection.GeneratedMetaMethod$DgmMethodRecord::<init> (5 bytes)
Event: 4.507 Thread 0x0000021a29b9b220 nmethod 1834 0x0000021a13db3190 code [0x0000021a13db3320, 0x0000021a13db33d8]
Event: 4.510 Thread 0x0000021a29b9b220 1835       1       java.nio.Buffer::nextGetIndex (32 bytes)
Event: 4.511 Thread 0x0000021a29b9b220 nmethod 1835 0x0000021a13db3490 code [0x0000021a13db3640, 0x0000021a13db3788]
Event: 4.511 Thread 0x0000021a29b9b220 1837       1       jdk.internal.misc.Unsafe::pickPos (14 bytes)
Event: 4.511 Thread 0x0000021a29b9b220 nmethod 1837 0x0000021a13db3810 code [0x0000021a13db39a0, 0x0000021a13db3a58]
Event: 4.511 Thread 0x0000021a29b9b220 1836       1       java.nio.HeapByteBuffer::byteOffset (7 bytes)
Event: 4.511 Thread 0x0000021a29b9b220 nmethod 1836 0x0000021a13db3b10 code [0x0000021a13db3ca0, 0x0000021a13db3d78]
Event: 4.511 Thread 0x0000021a29b9b220 1838       1       jdk.internal.misc.Unsafe::toUnsignedInt (6 bytes)
Event: 4.511 Thread 0x0000021a29b9b220 nmethod 1838 0x0000021a13db3e10 code [0x0000021a13db3fa0, 0x0000021a13db4058]
Event: 4.511 Thread 0x0000021a29b9b220 1839       1       jdk.internal.org.objectweb.asm.MethodWriter::computeAllFrames (510 bytes)
Event: 4.513 Thread 0x0000021a29b9b220 nmethod 1839 0x0000021a13db4110 code [0x0000021a13db43a0, 0x0000021a13db4d28]
Event: 4.513 Thread 0x0000021a29b9b220 1840       1       jdk.internal.org.objectweb.asm.Frame::setInputFrameFromDescriptor (175 bytes)
Event: 4.514 Thread 0x0000021a29b9b220 nmethod 1840 0x0000021a13db5610 code [0x0000021a13db5800, 0x0000021a13db5d78]
Event: 4.514 Thread 0x0000021a29b9b220 1841       1       jdk.internal.org.objectweb.asm.Type::getArgumentTypes (154 bytes)
Event: 4.517 Thread 0x0000021a29b9b220 nmethod 1841 0x0000021a13db6110 code [0x0000021a13db63e0, 0x0000021a13db70e8]
Event: 4.517 Thread 0x0000021a29b9b220 1842       1       java.lang.reflect.ProxyGenerator::dotToSlash (9 bytes)

GC Heap History (6 events):
Event: 2.582 GC heap before
{Heap before GC invocations=0 (full 0):
 garbage-first heap   total 131072K, used 14336K [0x0000000081600000, 0x0000000100000000)
  region size 1024K, 13 young (13312K), 0 survivors (0K)
 Metaspace       used 5208K, committed 5376K, reserved 1056768K
  class space    used 585K, committed 640K, reserved 1048576K
}
Event: 2.604 GC heap after
{Heap after GC invocations=1 (full 0):
 garbage-first heap   total 131072K, used 6948K [0x0000000081600000, 0x0000000100000000)
  region size 1024K, 2 young (2048K), 2 survivors (2048K)
 Metaspace       used 5208K, committed 5376K, reserved 1056768K
  class space    used 585K, committed 640K, reserved 1048576K
}
Event: 3.073 GC heap before
{Heap before GC invocations=1 (full 0):
 garbage-first heap   total 131072K, used 15140K [0x0000000081600000, 0x0000000100000000)
  region size 1024K, 10 young (10240K), 2 survivors (2048K)
 Metaspace       used 6734K, committed 6912K, reserved 1056768K
  class space    used 771K, committed 896K, reserved 1048576K
}
Event: 3.080 GC heap after
{Heap after GC invocations=2 (full 0):
 garbage-first heap   total 131072K, used 8290K [0x0000000081600000, 0x0000000100000000)
  region size 1024K, 2 young (2048K), 2 survivors (2048K)
 Metaspace       used 6734K, committed 6912K, reserved 1056768K
  class space    used 771K, committed 896K, reserved 1048576K
}
Event: 3.141 GC heap before
{Heap before GC invocations=2 (full 0):
 garbage-first heap   total 131072K, used 25698K [0x0000000081600000, 0x0000000100000000)
  region size 1024K, 20 young (20480K), 2 survivors (2048K)
 Metaspace       used 6734K, committed 6912K, reserved 1056768K
  class space    used 771K, committed 896K, reserved 1048576K
}
Event: 3.144 GC heap after
{Heap after GC invocations=3 (full 0):
 garbage-first heap   total 131072K, used 8446K [0x0000000081600000, 0x0000000100000000)
  region size 1024K, 2 young (2048K), 2 survivors (2048K)
 Metaspace       used 6734K, committed 6912K, reserved 1056768K
  class space    used 771K, committed 896K, reserved 1048576K
}

Deoptimization events (0 events):
No events

Classes unloaded (0 events):
No events

Classes redefined (0 events):
No events

Internal exceptions (20 events):
Event: 2.952 Thread 0x0000021a092861a0 Exception <a 'java/lang/NoSuchMethodError'{0x00000000890e5a08}: 'int java.lang.invoke.DirectMethodHandle$Holder.invokeStaticInit(java.lang.Object, java.lang.Object, java.lang.Object)'> (0x00000000890e5a08) 
thrown [c:\wsjdk\correttojdksrc\installers\windows\zip\corretto-build\buildroot\src\hotspot\share\interpreter\linkResolver.cpp, line 790]
Event: 2.961 Thread 0x0000021a092861a0 Exception <a 'java/lang/NoSuchMethodError'{0x0000000088f0f430}: 'java.lang.Object java.lang.invoke.DirectMethodHandle$Holder.invokeVirtual(java.lang.Object, java.lang.Object, java.lang.Object)'> (0x0000000088f0f430) 
thrown [c:\wsjdk\correttojdksrc\installers\windows\zip\corretto-build\buildroot\src\hotspot\share\interpreter\linkResolver.cpp, line 790]
Event: 2.968 Thread 0x0000021a092861a0 Exception <a 'java/lang/NoSuchMethodError'{0x0000000088f3b0a0}: 'java.lang.Object java.lang.invoke.DirectMethodHandle$Holder.newInvokeSpecial(java.lang.Object, java.lang.Object, java.lang.Object, java.lang.Object, java.lang.Object)'> (0x0000000088f3b0a0) 
thrown [c:\wsjdk\correttojdksrc\installers\windows\zip\corretto-build\buildroot\src\hotspot\share\interpreter\linkResolver.cpp, line 790]
Event: 3.318 Thread 0x0000021a2b42b390 Exception <a 'java/io/FileNotFoundException'{0x0000000087a16268}> (0x0000000087a16268) 
thrown [c:\wsjdk\correttojdksrc\installers\windows\zip\corretto-build\buildroot\src\hotspot\share\prims\jni.cpp, line 579]
Event: 3.582 Thread 0x0000021a2b42b390 Exception <a 'java/lang/NoSuchMethodError'{0x00000000878d82f0}: 'void java.lang.invoke.DirectMethodHandle$Holder.invokeStatic(java.lang.Object, java.lang.Object, java.lang.Object, java.lang.Object)'> (0x00000000878d82f0) 
thrown [c:\wsjdk\correttojdksrc\installers\windows\zip\corretto-build\buildroot\src\hotspot\share\interpreter\linkResolver.cpp, line 790]
Event: 3.598 Thread 0x0000021a2b42b390 Exception <a 'java/lang/NoSuchMethodError'{0x00000000878f05c0}: 'java.lang.Object java.lang.invoke.Invokers$Holder.invokeExact_MT(java.lang.Object, java.lang.Object, java.lang.Object, java.lang.Object, java.lang.Object, java.lang.Object)'> (0x00000000878f05c0) 
thrown [c:\wsjdk\correttojdksrc\installers\windows\zip\corretto-build\buildroot\src\hotspot\share\interpreter\linkResolver.cpp, line 790]
Event: 3.610 Thread 0x0000021a2b42b390 Exception <a 'java/lang/NoSuchMethodError'{0x00000000877065f8}: 'java.lang.Object java.lang.invoke.DirectMethodHandle$Holder.invokeInterface(java.lang.Object, java.lang.Object, java.lang.Object)'> (0x00000000877065f8) 
thrown [c:\wsjdk\correttojdksrc\installers\windows\zip\corretto-build\buildroot\src\hotspot\share\interpreter\linkResolver.cpp, line 790]
Event: 3.613 Thread 0x0000021a2b42b390 Exception <a 'java/lang/IncompatibleClassChangeError'{0x0000000087709e90}: Found class java.lang.Object, but interface was expected> (0x0000000087709e90) 
thrown [c:\wsjdk\correttojdksrc\installers\windows\zip\corretto-build\buildroot\src\hotspot\share\interpreter\linkResolver.cpp, line 857]
Event: 3.676 Thread 0x0000021a2b42b390 Exception <a 'java/lang/NoSuchMethodError'{0x00000000877f6ee0}: 'int java.lang.invoke.DirectMethodHandle$Holder.invokeSpecial(java.lang.Object, java.lang.Object, java.lang.Object, java.lang.Object)'> (0x00000000877f6ee0) 
thrown [c:\wsjdk\correttojdksrc\installers\windows\zip\corretto-build\buildroot\src\hotspot\share\interpreter\linkResolver.cpp, line 790]
Event: 3.771 Thread 0x0000021a2b42b390 Exception <a 'java/lang/NoSuchMethodError'{0x000000008752b378}: 'java.lang.Object java.lang.invoke.DirectMethodHandle$Holder.newInvokeSpecial(java.lang.Object, java.lang.Object, java.lang.Object, java.lang.Object, java.lang.Object, java.lang.Object)'> (0x000000008752b378) 
thrown [c:\wsjdk\correttojdksrc\installers\windows\zip\corretto-build\buildroot\src\hotspot\share\interpreter\linkResolver.cpp, line 790]
Event: 3.818 Thread 0x0000021a2b42b390 Exception <a 'java/lang/NoSuchMethodError'{0x00000000875d8ad0}: 'java.lang.Object java.lang.invoke.DirectMethodHandle$Holder.invokeSpecial(java.lang.Object, java.lang.Object, java.lang.Object, java.lang.Object, java.lang.Object, java.lang.Object, int)'> (0x00000000875d8ad0) 
thrown [c:\wsjdk\correttojdksrc\installers\windows\zip\corretto-build\buildroot\src\hotspot\share\interpreter\linkResolver.cpp, line 790]
Event: 3.820 Thread 0x0000021a2b42b390 Exception <a 'java/lang/NoSuchMethodError'{0x00000000875e3c28}: 'java.lang.Object java.lang.invoke.DirectMethodHandle$Holder.newInvokeSpecial(java.lang.Object, java.lang.Object, java.lang.Object, java.lang.Object, java.lang.Object, java.lang.Object, int)'> (0x00000000875e3c28) 
thrown [c:\wsjdk\correttojdksrc\installers\windows\zip\corretto-build\buildroot\src\hotspot\share\interpreter\linkResolver.cpp, line 790]
Event: 3.820 Thread 0x0000021a2b42b390 Exception <a 'java/lang/NoSuchMethodError'{0x00000000875e8d80}: 'java.lang.Object java.lang.invoke.DirectMethodHandle$Holder.invokeSpecial(java.lang.Object, java.lang.Object, java.lang.Object, java.lang.Object, java.lang.Object, java.lang.Object, java.lang.Object, int)'> (0x00000000875e8d80) 
thrown [c:\wsjdk\correttojdksrc\installers\windows\zip\corretto-build\buildroot\src\hotspot\share\interpreter\linkResolver.cpp, line 790]
Event: 3.979 Thread 0x0000021a2b42b390 Exception <a 'java/lang/NoSuchMethodError'{0x0000000087270030}: 'void java.lang.invoke.DirectMethodHandle$Holder.invokeInterface(java.lang.Object, java.lang.Object, java.lang.Object)'> (0x0000000087270030) 
thrown [c:\wsjdk\correttojdksrc\installers\windows\zip\corretto-build\buildroot\src\hotspot\share\interpreter\linkResolver.cpp, line 790]
Event: 4.037 Thread 0x0000021a2b42b390 Exception <a 'java/lang/NoSuchMethodError'{0x000000008710c528}: 'java.lang.Object java.lang.invoke.DirectMethodHandle$Holder.invokeStatic(java.lang.Object, java.lang.Object, int)'> (0x000000008710c528) 
thrown [c:\wsjdk\correttojdksrc\installers\windows\zip\corretto-build\buildroot\src\hotspot\share\interpreter\linkResolver.cpp, line 790]
Event: 4.043 Thread 0x0000021a2b42b390 Exception <a 'java/lang/NoSuchMethodError'{0x00000000871188f8}: 'void java.lang.invoke.DelegatingMethodHandle$Holder.delegate(java.lang.Object, java.lang.Object, int, java.lang.Object)'> (0x00000000871188f8) 
thrown [c:\wsjdk\correttojdksrc\installers\windows\zip\corretto-build\buildroot\src\hotspot\share\interpreter\linkResolver.cpp, line 790]
Event: 4.100 Thread 0x0000021a2b42b390 Exception <a 'java/lang/NoSuchMethodError'{0x00000000870312b0}: 'void java.lang.invoke.DirectMethodHandle$Holder.invokeStatic(java.lang.Object, java.lang.Object, int)'> (0x00000000870312b0) 
thrown [c:\wsjdk\correttojdksrc\installers\windows\zip\corretto-build\buildroot\src\hotspot\share\interpreter\linkResolver.cpp, line 790]
Event: 4.102 Thread 0x0000021a2b42b390 Exception <a 'java/lang/NoSuchMethodError'{0x00000000870391d0}: 'void java.lang.invoke.DirectMethodHandle$Holder.invokeStaticInit(java.lang.Object, java.lang.Object)'> (0x00000000870391d0) 
thrown [c:\wsjdk\correttojdksrc\installers\windows\zip\corretto-build\buildroot\src\hotspot\share\interpreter\linkResolver.cpp, line 790]
Event: 4.251 Thread 0x0000021a2b42b390 Exception <a 'java/lang/NoSuchMethodError'{0x0000000086fdf848}: 'void java.lang.invoke.DirectMethodHandle$Holder.invokeSpecial(java.lang.Object, java.lang.Object, java.lang.Object, java.lang.Object, java.lang.Object)'> (0x0000000086fdf848) 
thrown [c:\wsjdk\correttojdksrc\installers\windows\zip\corretto-build\buildroot\src\hotspot\share\interpreter\linkResolver.cpp, line 790]
Event: 4.442 Thread 0x0000021a2b42b390 Exception <a 'java/lang/NoSuchMethodError'{0x0000000086781cb8}: 'org.slf4j.impl.StaticMDCBinder org.slf4j.impl.StaticMDCBinder.getSingleton()'> (0x0000000086781cb8) 
thrown [c:\wsjdk\correttojdksrc\installers\windows\zip\corretto-build\buildroot\src\hotspot\share\interpreter\linkResolver.cpp, line 790]

Events (20 events):
Event: 4.508 loading class sun/reflect/annotation/TypeAnnotation$TypeAnnotationTarget
Event: 4.508 loading class sun/reflect/annotation/TypeAnnotation$TypeAnnotationTarget done
Event: 4.509 loading class sun/reflect/annotation/AnnotatedTypeFactory
Event: 4.509 loading class sun/reflect/annotation/AnnotatedTypeFactory done
Event: 4.509 loading class sun/reflect/annotation/AnnotatedTypeFactory$AnnotatedTypeBaseImpl
Event: 4.509 loading class sun/reflect/annotation/AnnotatedTypeFactory$AnnotatedTypeBaseImpl done
Event: 4.509 loading class sun/reflect/annotation/TypeAnnotation$LocationInfo
Event: 4.509 loading class sun/reflect/annotation/TypeAnnotation$LocationInfo done
Event: 4.509 loading class sun/reflect/annotation/TypeAnnotation$LocationInfo$Location
Event: 4.509 loading class sun/reflect/annotation/TypeAnnotation$LocationInfo$Location done
Event: 4.509 loading class sun/reflect/annotation/TypeAnnotation$TypeAnnotationTargetInfo
Event: 4.510 loading class sun/reflect/annotation/TypeAnnotation$TypeAnnotationTargetInfo done
Event: 4.513 loading class sun/reflect/annotation/AnnotatedTypeFactory$AnnotatedParameterizedTypeImpl
Event: 4.513 loading class java/lang/reflect/AnnotatedParameterizedType
Event: 4.513 loading class java/lang/reflect/AnnotatedParameterizedType done
Event: 4.513 loading class sun/reflect/annotation/AnnotatedTypeFactory$AnnotatedParameterizedTypeImpl done
Event: 4.514 loading class sun/reflect/annotation/AnnotatedTypeFactory$AnnotatedArrayTypeImpl
Event: 4.514 loading class java/lang/reflect/AnnotatedArrayType
Event: 4.514 loading class java/lang/reflect/AnnotatedArrayType done
Event: 4.514 loading class sun/reflect/annotation/AnnotatedTypeFactory$AnnotatedArrayTypeImpl done


Dynamic libraries:
0x00007ff6e7aa0000 - 0x00007ff6e7aad000 	C:\Users\kkutti\.jdks\corretto-16.0.2\bin\java.exe
0x00007ff8ebf00000 - 0x00007ff8ec0f0000 	C:\WINDOWS\SYSTEM32\ntdll.dll
0x00007ff8ea2e0000 - 0x00007ff8ea392000 	C:\WINDOWS\System32\KERNEL32.DLL
0x00007ff8e9170000 - 0x00007ff8e9415000 	C:\WINDOWS\System32\KERNELBASE.dll
0x00007ff8e9c20000 - 0x00007ff8e9d1a000 	C:\WINDOWS\System32\ucrtbase.dll
0x00007ff8e3a90000 - 0x00007ff8e3aa8000 	C:\Users\kkutti\.jdks\corretto-16.0.2\bin\jli.dll
0x00007ff8ea6e0000 - 0x00007ff8ea874000 	C:\WINDOWS\System32\USER32.dll
0x00007ff8e9de0000 - 0x00007ff8e9e01000 	C:\WINDOWS\System32\win32u.dll
0x00007ff8e9fe0000 - 0x00007ff8ea006000 	C:\WINDOWS\System32\GDI32.dll
0x00007ff8e9e10000 - 0x00007ff8e9fa8000 	C:\WINDOWS\System32\gdi32full.dll
0x00007ff8e8ec0000 - 0x00007ff8e8f5e000 	C:\WINDOWS\System32\msvcp_win.dll
0x00007ff8e3a70000 - 0x00007ff8e3a85000 	C:\Users\kkutti\.jdks\corretto-16.0.2\bin\VCRUNTIME140.dll
0x00007ff8d8050000 - 0x00007ff8d82d4000 	C:\WINDOWS\WinSxS\amd64_microsoft.windows.common-controls_6595b64144ccf1df_6.0.18362.1556_none_9e7e372fe45e41d5\COMCTL32.dll
0x00007ff8ebd70000 - 0x00007ff8ebe0e000 	C:\WINDOWS\System32\msvcrt.dll
0x00007ff8eaa80000 - 0x00007ff8eadb6000 	C:\WINDOWS\System32\combase.dll
0x00007ff8ea010000 - 0x00007ff8ea12f000 	C:\WINDOWS\System32\RPCRT4.dll
0x00007ff8e9d50000 - 0x00007ff8e9dd1000 	C:\WINDOWS\System32\bcryptPrimitives.dll
0x00007ff8e9fb0000 - 0x00007ff8e9fde000 	C:\WINDOWS\System32\IMM32.DLL
0x00007ff8d0ef0000 - 0x00007ff8d0f8b000 	C:\Users\kkutti\.jdks\corretto-16.0.2\bin\msvcp140.dll
0x00007ff8bad30000 - 0x00007ff8bb939000 	C:\Users\kkutti\.jdks\corretto-16.0.2\bin\server\jvm.dll
0x00007ff8ea8f0000 - 0x00007ff8ea993000 	C:\WINDOWS\System32\ADVAPI32.dll
0x00007ff8eafe0000 - 0x00007ff8eb077000 	C:\WINDOWS\System32\sechost.dll
0x00007ff8eaea0000 - 0x00007ff8eaea8000 	C:\WINDOWS\System32\PSAPI.DLL
0x00007ff8d8690000 - 0x00007ff8d8699000 	C:\WINDOWS\SYSTEM32\WSOCK32.dll
0x00007ff8eadc0000 - 0x00007ff8eae2f000 	C:\WINDOWS\System32\WS2_32.dll
0x00007ff8e6860000 - 0x00007ff8e6884000 	C:\WINDOWS\SYSTEM32\WINMM.dll
0x00007ff8d7930000 - 0x00007ff8d793a000 	C:\WINDOWS\SYSTEM32\VERSION.dll
0x00007ff8e6830000 - 0x00007ff8e685d000 	C:\WINDOWS\SYSTEM32\WINMMBASE.dll
0x00007ff8e8e70000 - 0x00007ff8e8eba000 	C:\WINDOWS\System32\cfgmgr32.dll
0x00007ff8e8dc0000 - 0x00007ff8e8dd1000 	C:\WINDOWS\System32\kernel.appcore.dll
0x00007ff8e2550000 - 0x00007ff8e255a000 	C:\Users\kkutti\.jdks\corretto-16.0.2\bin\jimage.dll
0x00007ff8e76a0000 - 0x00007ff8e7894000 	C:\WINDOWS\SYSTEM32\DBGHELP.DLL
0x00007ff8d6860000 - 0x00007ff8d688a000 	C:\WINDOWS\SYSTEM32\dbgcore.DLL
0x00007ff8e1ff0000 - 0x00007ff8e1ffe000 	C:\Users\kkutti\.jdks\corretto-16.0.2\bin\instrument.dll
0x00007ff8de8a0000 - 0x00007ff8de8c5000 	C:\Users\kkutti\.jdks\corretto-16.0.2\bin\java.dll
0x00007ff8eb510000 - 0x00007ff8ebbf7000 	C:\WINDOWS\System32\SHELL32.dll
0x00007ff8ea3a0000 - 0x00007ff8ea448000 	C:\WINDOWS\System32\shcore.dll
0x00007ff8e9420000 - 0x00007ff8e9b9b000 	C:\WINDOWS\System32\windows.storage.dll
0x00007ff8e8e30000 - 0x00007ff8e8e4e000 	C:\WINDOWS\System32\profapi.dll
0x00007ff8e8de0000 - 0x00007ff8e8e2a000 	C:\WINDOWS\System32\powrprof.dll
0x00007ff8e8db0000 - 0x00007ff8e8dc0000 	C:\WINDOWS\System32\UMPDC.dll
0x00007ff8eae40000 - 0x00007ff8eae92000 	C:\WINDOWS\System32\shlwapi.dll
0x00007ff8e9ba0000 - 0x00007ff8e9bb7000 	C:\WINDOWS\System32\cryptsp.dll
0x00007ff8d5000000 - 0x00007ff8d5018000 	C:\Users\kkutti\.jdks\corretto-16.0.2\bin\zip.dll
0x00007ff8de880000 - 0x00007ff8de899000 	C:\Users\kkutti\.jdks\corretto-16.0.2\bin\net.dll
0x00007ff8db000000 - 0x00007ff8db0fa000 	C:\WINDOWS\SYSTEM32\WINHTTP.dll
0x00007ff8e8590000 - 0x00007ff8e85f7000 	C:\WINDOWS\system32\mswsock.dll
0x00007ff8d6a80000 - 0x00007ff8d6a93000 	C:\Users\kkutti\.jdks\corretto-16.0.2\bin\nio.dll
0x00007ff8d3350000 - 0x00007ff8d336a000 	C:\Program Files\JetBrains\IntelliJ IDEA 2021.2\bin\breakgen64.dll
0x00007ff8e82e0000 - 0x00007ff8e83ab000 	C:\WINDOWS\SYSTEM32\DNSAPI.dll
0x00007ff8ebc00000 - 0x00007ff8ebc08000 	C:\WINDOWS\System32\NSI.dll
0x00007ff8e82a0000 - 0x00007ff8e82da000 	C:\WINDOWS\SYSTEM32\IPHLPAPI.DLL
0x00007ff8d9c70000 - 0x00007ff8d9c7a000 	C:\Windows\System32\rasadhlp.dll
0x00007ff8dccd0000 - 0x00007ff8dcd47000 	C:\WINDOWS\System32\fwpuclnt.dll
0x00007ff8e9d20000 - 0x00007ff8e9d46000 	C:\WINDOWS\System32\bcrypt.dll
0x00007ff8e1fa0000 - 0x00007ff8e1fa9000 	C:\Users\kkutti\.jdks\corretto-16.0.2\bin\management.dll
0x00007ff8e16a0000 - 0x00007ff8e16ab000 	C:\Users\kkutti\.jdks\corretto-16.0.2\bin\management_ext.dll
0x00007ff8e8110000 - 0x00007ff8e8143000 	C:\WINDOWS\system32\rsaenh.dll
0x00007ff8e8cd0000 - 0x00007ff8e8cf5000 	C:\WINDOWS\SYSTEM32\USERENV.dll
0x00007ff8e8760000 - 0x00007ff8e876c000 	C:\WINDOWS\SYSTEM32\CRYPTBASE.dll
0x00007ff8dced0000 - 0x00007ff8dcee6000 	C:\WINDOWS\SYSTEM32\dhcpcsvc6.DLL
0x00007ff8dceb0000 - 0x00007ff8dcecc000 	C:\WINDOWS\SYSTEM32\dhcpcsvc.DLL
0x00007ff8d2770000 - 0x00007ff8d2786000 	C:\WINDOWS\system32\napinsp.dll
0x00007ff8d2790000 - 0x00007ff8d27aa000 	C:\WINDOWS\system32\pnrpnsp.dll
0x00007ff8d27b0000 - 0x00007ff8d27be000 	C:\WINDOWS\System32\winrnr.dll
0x00007ff8e4d70000 - 0x00007ff8e4d8c000 	C:\WINDOWS\system32\NLAapi.dll
0x00007ff8e2f10000 - 0x00007ff8e2f25000 	C:\WINDOWS\system32\wshbth.dll

dbghelp: loaded successfully - version: 4.0.5 - missing functions: none
symbol engine: initialized successfully - sym options: 0x614 - pdb path: .;C:\Users\kkutti\.jdks\corretto-16.0.2\bin;C:\WINDOWS\SYSTEM32;C:\WINDOWS\WinSxS\amd64_microsoft.windows.common-controls_6595b64144ccf1df_6.0.18362.1556_none_9e7e372fe45e41d5;C:\Users\kkutti\.jdks\corretto-16.0.2\bin\server;C:\Program Files\JetBrains\IntelliJ IDEA 2021.2\bin

VM Arguments:
jvm_args: -XX:TieredStopAtLevel=1 -Xverify:none -Dspring.output.ansi.enabled=always -javaagent:C:\Program Files\JetBrains\IntelliJ IDEA 2021.2\lib\idea_rt.jar=61438:C:\Program Files\JetBrains\IntelliJ IDEA 2021.2\bin -Dcom.sun.management.jmxremote -Dspring.jmx.enabled=true -Dspring.liveBeansView.mbeanDomain -Dspring.application.admin.enabled=true -Dfile.encoding=UTF-8 
java_command: com.example.sping_portfolio.Main
java_class_path (initial): C:\Users\kkutti\IdeaProjects\stickers_for_charity\target\classes;C:\Users\kkutti\.m2\repository\org\springframework\boot\spring-boot-starter-validation\2.4.1\spring-boot-starter-validation-2.4.1.jar;C:\Users\kkutti\.m2\repository\org\springframework\boot\spring-boot-starter\2.4.1\spring-boot-starter-2.4.1.jar;C:\Users\kkutti\.m2\repository\org\springframework\boot\spring-boot-starter-logging\2.4.1\spring-boot-starter-logging-2.4.1.jar;C:\Users\kkutti\.m2\repository\ch\qos\logback\logback-classic\1.2.3\logback-classic-1.2.3.jar;C:\Users\kkutti\.m2\repository\ch\qos\logback\logback-core\1.2.3\logback-core-1.2.3.jar;C:\Users\kkutti\.m2\repository\org\apache\logging\log4j\log4j-to-slf4j\2.13.3\log4j-to-slf4j-2.13.3.jar;C:\Users\kkutti\.m2\repository\org\apache\logging\log4j\log4j-api\2.13.3\log4j-api-2.13.3.jar;C:\Users\kkutti\.m2\repository\org\slf4j\jul-to-slf4j\1.7.30\jul-to-slf4j-1.7.30.jar;C:\Users\kkutti\.m2\repository\jakarta\annotation\jakarta.annotation-api\1.3.5\jakarta.annotation-api-1.3.5.jar;C:\Users\kkutti\.m2\repository\org\yaml\snakeyaml\1.27\snakeyaml-1.27.jar;C:\Users\kkutti\.m2\repository\org\glassfish\jakarta.el\3.0.3\jakarta.el-3.0.3.jar;C:\Users\kkutti\.m2\repository\org\hibernate\validator\hibernate-validator\6.1.6.Final\hibernate-validator-6.1.6.Final.jar;C:\Users\kkutti\.m2\repository\jakarta\validation\jakarta.validation-api\2.0.2\jakarta.validation-api-2.0.2.jar;C:\Users\kkutti\.m2\repository\org\jboss\logging\jboss-logging\3.4.1.Final\jboss-logging-3.4.1.Final.jar;C:\Users\kkutti\.m2\repository\com\fasterxml\classmate\1.5.1\classmate-1.5.1.jar;C:\Users\kkutti\.m2\repository\org\springframework\boot\spring-boot-starter-thymeleaf\2.4.1\spring-boot-starter-thymeleaf-2.4.1.jar;C:\Users\kkutti\.m2\repository\org\thymeleaf\thymeleaf-spring5\3.0.11.RELEASE\thymeleaf-spring5-3.0.11.RELEASE.jar;C:\Users\kkutti\.m2\repository\org\springframework\boot\spring-boot-starter-web\2.4.1\spring-boot-starter-web-2.4.1.jar;C:\Users\k
Launcher Type: SUN_STANDARD

[Global flags]
     intx CICompilerCount                          = 3                                         {product} {ergonomic}
     uint ConcGCThreads                            = 1                                         {product} {ergonomic}
     uint G1ConcRefinementThreads                  = 4                                         {product} {ergonomic}
   size_t G1HeapRegionSize                         = 1048576                                   {product} {ergonomic}
    uintx GCDrainStackTargetSize                   = 64                                        {product} {ergonomic}
   size_t InitialHeapSize                          = 134217728                                 {product} {ergonomic}
     bool ManagementServer                         = true                                      {product} {command line}
   size_t MarkStackSize                            = 4194304                                   {product} {ergonomic}
   size_t MaxHeapSize                              = 2124414976                                {product} {ergonomic}
   size_t MaxNewSize                               = 1274019840                                {product} {ergonomic}
   size_t MinHeapDeltaBytes                        = 1048576                                   {product} {ergonomic}
   size_t MinHeapSize                              = 8388608                                   {product} {ergonomic}
    uintx NonNMethodCodeHeapSize                   = 6973028                                {pd product} {ergonomic}
    uintx NonProfiledCodeHeapSize                  = 244685212                              {pd product} {ergonomic}
    uintx ProfiledCodeHeapSize                     = 0                                      {pd product} {ergonomic}
    uintx ReservedCodeCacheSize                    = 251658240                              {pd product} {ergonomic}
     bool SegmentedCodeCache                       = true                                      {product} {ergonomic}
   size_t SoftMaxHeapSize                          = 2124414976                             {manageable} {ergonomic}
     intx TieredStopAtLevel                        = 1                                         {product} {command line}
     bool UseCompressedClassPointers               = true                           {product lp64_product} {ergonomic}
     bool UseCompressedOops                        = true                           {product lp64_product} {ergonomic}
     bool UseG1GC                                  = true                                      {product} {ergonomic}
     bool UseLargePagesIndividualAllocation        = false                                  {pd product} {ergonomic}

Logging:
Log output configuration:
 #0: stdout all=warning uptime,level,tags
 #1: stderr all=off uptime,level,tags

Environment Variables:
PATH=C:\Python310\Scripts\;C:\Python310\;C:\Program Files\Semeru\jdk-16.0.2.7-openj9\bin;C:\Program Files (x86)\Common Files\Oracle\Java\javapath;C:\Program Files (x86)\Intel\iCLS Client\;C:\Program Files\Intel\iCLS Client\;C:\Program Files\Dell\DW WLAN Card;C:\WINDOWS\system32;C:\WINDOWS;C:\WINDOWS\System32\Wbem;C:\WINDOWS\System32\WindowsPowerShell\v1.0\;C:\WINDOWS\System32\OpenSSH\;C:\Program Files\dotnet\;C:\Program Files\WIDCOMM\Bluetooth Software\;C:\Program Files\WIDCOMM\Bluetooth Software\syswow64;C:\Program Files (x86)\Intel\Intel(R) Management Engine Components\DAL;C:\Program Files\Intel\Intel(R) Management Engine Components\DAL;C:\Program Files (x86)\Intel\Intel(R) Management Engine Components\IPT;C:\Program Files\Intel\Intel(R) Management Engine Components\IPT;C:\Program Files\Git\cmd;C:\Program Files\PuTTY\;C:\ProgramData\chocolatey\bin;C:\Program Files\nodejs\;C:\Users\kkutti\AppData\Local\Microsoft\WindowsApps;C:\Users\kkutti\AppData\Roaming\npm
USERNAME=kkutti
OS=Windows_NT
PROCESSOR_IDENTIFIER=Intel64 Family 6 Model 61 Stepping 4, GenuineIntel



---------------  S Y S T E M  ---------------

OS:
 Windows 10 , 64 bit Build 18362 (10.0.18362.1500)
OS uptime: 14 days 18:26 hours

CPU: total 4 (initial active 4) (2 cores per cpu, 2 threads per core) family 6 model 61 stepping 4 microcode 0x2f, cx8, cmov, fxsr, ht, mmx, 3dnowpref, sse, sse2, sse3, ssse3, sse4.1, sse4.2, popcnt, lzcnt, tsc, tscinvbit, avx, avx2, aes, erms, clmul, bmi1, bmi2, adx, fma, vzeroupper, clflush

Memory: 4k page, system-wide physical 8096M (472M free)
TotalPageFile size 22011M (AvailPageFile size 4M)
current process WorkingSet (physical memory assigned to process): 112M, peak: 112M
current process commit charge ("private bytes"): 222M, peak: 222M

vm_info: OpenJDK 64-Bit Server VM (16.0.2+7) for windows-amd64 JRE (16.0.2+7), built on Jul 22 2021 01:11:46 by "Administrator" with MS VC++ 15.9 (VS2017)

END.
